Watching for file changes with StatReloader
[13/Apr/2026 00:34:11] "GET / HTTP/1.1" 200 39259
[13/Apr/2026 00:34:57] "GET /analytics/ HTTP/1.1" 200 40896
C:\Users\integ\OneDrive\Desktop\Concept_real\config\settings.py changed, reloading.
Watching for file changes with StatReloader
[13/Apr/2026 01:00:33] "GET / HTTP/1.1" 200 67641
[13/Apr/2026 01:15:30] "GET /static/js/app.js HTTP/1.1" 404 1841
C:\Users\integ\OneDrive\Desktop\Concept_real\config\settings.py changed, reloading.
Watching for file changes with StatReloader
[13/Apr/2026 01:15:44] "GET /static/js/app.js HTTP/1.1" 200 6390
[13/Apr/2026 01:15:44] "GET /static/css/app.css HTTP/1.1" 200 4709
[13/Apr/2026 01:26:50] "GET /static/js/app.js HTTP/1.1" 200 29420
[13/Apr/2026 01:26:50] "GET /static/css/app.css HTTP/1.1" 200 8358
[13/Apr/2026 01:28:46] "GET /static/js/app.js HTTP/1.1" 200 30245
[13/Apr/2026 01:28:46] "GET /static/css/app.css HTTP/1.1" 200 8358
[13/Apr/2026 01:29:14] "GET / HTTP/1.1" 200 69016
[13/Apr/2026 01:33:27] "GET /residential/ HTTP/1.1" 200 73489
[13/Apr/2026 01:33:27] "GET /static/css/app.css?v=restore-20260413 HTTP/1.1" 200 8358
[13/Apr/2026 01:33:27] "GET /static/js/app.js?v=restore-20260413 HTTP/1.1" 200 30245
[13/Apr/2026 01:33:47] "GET /residential/ HTTP/1.1" 200 73489
[13/Apr/2026 01:33:47] "GET /static/css/app.css?v=restore-20260413 HTTP/1.1" 200 8358
[13/Apr/2026 01:33:47] "GET /static/js/app.js?v=restore-20260413 HTTP/1.1" 200 30245
Not Found: /favicon.ico
[13/Apr/2026 01:33:48] "GET /favicon.ico HTTP/1.1" 404 3774
[13/Apr/2026 01:43:58] "GET /residential/ HTTP/1.1" 200 78055
[13/Apr/2026 01:43:58] "GET /static/css/app.css?v=restore-20260413 HTTP/1.1" 200 17396
[13/Apr/2026 01:43:58] "GET /static/js/app.js?v=restore-20260413 HTTP/1.1" 200 40030
[13/Apr/2026 01:44:06] "GET /residential/ HTTP/1.1" 200 78055
[13/Apr/2026 01:44:06] "GET /static/css/app.css?v=restore-20260413 HTTP/1.1" 200 17396
[13/Apr/2026 01:44:07] "GET /static/js/app.js?v=restore-20260413 HTTP/1.1" 200 40030
Not Found: /favicon.ico
[13/Apr/2026 01:44:08] "GET /favicon.ico HTTP/1.1" 404 3774
[13/Apr/2026 01:45:08] "GET /residential/ HTTP/1.1" 200 78047
[13/Apr/2026 01:45:08] "GET /static/css/app.css?v=pro-20260413 HTTP/1.1" 200 17396
[13/Apr/2026 01:45:08] "GET /static/js/app.js?v=pro-20260413 HTTP/1.1" 200 40532
[13/Apr/2026 01:45:15] "GET /residential/ HTTP/1.1" 200 78047
[13/Apr/2026 01:45:15] "GET /static/css/app.css?v=pro-20260413 HTTP/1.1" 200 17396
[13/Apr/2026 01:45:16] "GET /static/js/app.js?v=pro-20260413 HTTP/1.1" 200 40532
Not Found: /favicon.ico
[13/Apr/2026 01:45:17] "GET /favicon.ico HTTP/1.1" 404 3774
[13/Apr/2026 01:45:43] "GET /residential/ HTTP/1.1" 200 78047
[13/Apr/2026 01:45:43] "GET /static/css/app.css?v=pro-20260413 HTTP/1.1" 200 17396
[13/Apr/2026 01:45:43] "GET /static/js/app.js?v=pro-20260413 HTTP/1.1" 200 40532
[13/Apr/2026 01:51:27] "GET /residential/ HTTP/1.1" 200 78059
[13/Apr/2026 01:51:27] "GET /static/css/app.css?v=soft-dark-20260413 HTTP/1.1" 200 23722
[13/Apr/2026 01:51:27] "GET /static/js/app.js?v=soft-dark-20260413 HTTP/1.1" 200 40532
[13/Apr/2026 01:51:53] "GET /residential/ HTTP/1.1" 200 78059
[13/Apr/2026 01:51:54] "GET /static/css/app.css?v=soft-dark-20260413 HTTP/1.1" 200 23722
[13/Apr/2026 01:51:54] "GET /static/js/app.js?v=soft-dark-20260413 HTTP/1.1" 200 40532
[13/Apr/2026 01:52:36] "GET /residential/ HTTP/1.1" 200 78059
[13/Apr/2026 01:52:36] "GET /static/css/app.css?v=soft-dark-20260413 HTTP/1.1" 200 23722
[13/Apr/2026 01:52:37] "GET /static/js/app.js?v=soft-dark-20260413 HTTP/1.1" 200 40532
Not Found: /favicon.ico
[13/Apr/2026 01:52:37] "GET /favicon.ico HTTP/1.1" 404 3774
[13/Apr/2026 01:52:59] "GET /residential/ HTTP/1.1" 200 78059
[13/Apr/2026 01:52:59] "GET /static/css/app.css?v=soft-dark-20260413 HTTP/1.1" 200 23722
[13/Apr/2026 01:53:00] "GET /static/js/app.js?v=soft-dark-20260413 HTTP/1.1" 200 40532
Not Found: /favicon.ico
[13/Apr/2026 01:53:01] "GET /favicon.ico HTTP/1.1" 404 3774
[13/Apr/2026 01:53:22] "GET /residential/ HTTP/1.1" 200 78059
[13/Apr/2026 01:53:22] "GET /static/css/app.css?v=soft-dark-20260413 HTTP/1.1" 200 23722
[13/Apr/2026 01:53:23] "GET /static/js/app.js?v=soft-dark-20260413 HTTP/1.1" 200 40532
Not Found: /favicon.ico
[13/Apr/2026 01:53:23] "GET /favicon.ico HTTP/1.1" 404 3774
[13/Apr/2026 01:53:34] "GET /residential/ HTTP/1.1" 200 78059
[13/Apr/2026 01:53:34] "GET /static/css/app.css?v=soft-dark-20260413 HTTP/1.1" 200 23722
[13/Apr/2026 01:53:34] "GET /static/js/app.js?v=soft-dark-20260413 HTTP/1.1" 200 40532
[13/Apr/2026 01:56:50] "GET /residential/ HTTP/1.1" 200 78067
[13/Apr/2026 01:56:50] "GET /static/css/app.css?v=graphite-dark-20260413 HTTP/1.1" 200 28412
[13/Apr/2026 01:56:50] "GET /static/js/app.js?v=graphite-dark-20260413 HTTP/1.1" 200 40532
[13/Apr/2026 01:56:57] "GET /residential/ HTTP/1.1" 200 78067
[13/Apr/2026 01:56:57] "GET /static/css/app.css?v=graphite-dark-20260413 HTTP/1.1" 200 28412
[13/Apr/2026 01:56:58] "GET /static/js/app.js?v=graphite-dark-20260413 HTTP/1.1" 200 40532
Not Found: /favicon.ico
[13/Apr/2026 01:56:59] "GET /favicon.ico HTTP/1.1" 404 3774
